Compiling the CXX compiler identification source file "CMakeCXXCompilerId.cpp" failed.
Compiler:  
Build flags: -DQT_QML_DEBUG
Id flags:  

The output was:
参数错误。


Compiling the CXX compiler identification source file "CMakeCXXCompilerId.cpp" failed.
Compiler:  
Build flags: -DQT_QML_DEBUG
Id flags: -c 

The output was:
参数错误。


Compiling the CXX compiler identification source file "CMakeCXXCompilerId.cpp" failed.
Compiler:  
Build flags: -DQT_QML_DEBUG
Id flags: --c++ 

The output was:
参数错误。


Compiling the CXX compiler identification source file "CMakeCXXCompilerId.cpp" failed.
Compiler:  
Build flags: -DQT_QML_DEBUG
Id flags: --ec++ 

The output was:
参数错误。


Compiling the CXX compiler identification source file "CMakeCXXCompilerId.cpp" failed.
Compiler:  
Build flags: -DQT_QML_DEBUG
Id flags: --target=arm-arm-none-eabi;-mcpu=cortex-m3 

The output was:
参数错误。


Compiling the CXX compiler identification source file "CMakeCXXCompilerId.cpp" failed.
Compiler:  
Build flags: -DQT_QML_DEBUG
Id flags: -c;-I__does_not_exist__ 

The output was:
参数错误。


Compiling the CXX compiler identification source file "CMakeCXXCompilerId.cpp" failed.
Compiler:  
Build flags: 
Id flags:  

The output was:
参数错误。


Compiling the CXX compiler identification source file "CMakeCXXCompilerId.cpp" failed.
Compiler:  
Build flags: 
Id flags: -c 

The output was:
参数错误。


Compiling the CXX compiler identification source file "CMakeCXXCompilerId.cpp" failed.
Compiler:  
Build flags: 
Id flags: --c++ 

The output was:
参数错误。


Compiling the CXX compiler identification source file "CMakeCXXCompilerId.cpp" failed.
Compiler:  
Build flags: 
Id flags: --ec++ 

The output was:
参数错误。


Compiling the CXX compiler identification source file "CMakeCXXCompilerId.cpp" failed.
Compiler:  
Build flags: 
Id flags: --target=arm-arm-none-eabi;-mcpu=cortex-m3 

The output was:
参数错误。


Compiling the CXX compiler identification source file "CMakeCXXCompilerId.cpp" failed.
Compiler:  
Build flags: 
Id flags: -c;-I__does_not_exist__ 

The output was:
参数错误。


